<?xml version="1.0" encoding="UTF-8"?>
<!-- Generated by org.testng.reporters.JUnitXMLReporter -->
<testsuite hostname="DESKTOP-JRN5AMB" ignored="0" name="Test" tests="38" failures="2" timestamp="2021-04-09T12:16:44 IST" time="21.011" errors="0">
  <testcase name="Constants" time="6.749" classname="frizza.HomePage"/>
  <testcase name="CpatOfferstoreDetails" time="2.082" classname="frizza.HomePage">
    <failure type="java.lang.AssertionError" message="expected [true] but found [false]">
      <![CDATA[java.lang.AssertionError: expected [true] but found [false]
at frizza.HomePage.CpatOfferstoreDetails(HomePage.java:301)
at java.util.ArrayList.forEach(ArrayList.java:1259)
... Removed 35 stack frames]]>
    </failure>
  </testcase> <!-- CpatOfferstoreDetails -->
  <testcase name="CpatStoreOffers" time="1.669" classname="frizza.HomePage"/>
  <testcase name="InstalledApp" time="0.325" classname="frizza.HomePage"/>
  <testcase name="InstalledAppWithoutproperheader" time="0.252" classname="frizza.HomePage"/>
  <testcase name="MoreinfoPageOpen" time="0.221" classname="frizza.HomePage"/>
  <testcase name="NonCpatOffersDetails" time="0.212" classname="frizza.HomePage">
    <failure type="java.lang.AssertionError" message="expected [true] but found [false]">
      <![CDATA[java.lang.AssertionError: expected [true] but found [false]
at frizza.HomePage.NonCpatOffersDetails(HomePage.java:254)
at java.util.ArrayList.forEach(ArrayList.java:1259)
... Removed 35 stack frames]]>
    </failure>
  </testcase> <!-- NonCpatOffersDetails -->
  <testcase name="NonCpatStoreOffers" time="0.248" classname="frizza.HomePage"/>
  <testcase name="ReferPageOpen" time="0.218" classname="frizza.HomePage"/>
  <testcase name="SendFeedback" time="0.236" classname="frizza.HomePage"/>
  <testcase name="AboveLimitFirstLastName" time="0.238" classname="frizza.Profile"/>
  <testcase name="AlphanumbericFirstLastName" time="0.406" classname="frizza.Profile"/>
  <testcase name="BlankDOB" time="0.417" classname="frizza.Profile"/>
  <testcase name="BlankFirstLastName" time="0.218" classname="frizza.Profile"/>
  <testcase name="FutureDob" time="0.827" classname="frizza.Profile"/>
  <testcase name="ImproperDOBFormat" time="0.322" classname="frizza.Profile"/>
  <testcase name="ImproperEmailFormat" time="0.251" classname="frizza.Profile"/>
  <testcase name="ImproperGenderFormat" time="0.378" classname="frizza.Profile"/>
  <testcase name="MinorDob" time="0.221" classname="frizza.Profile"/>
  <testcase name="ProperdataDobGenderEmailProfileupdate" time="0.25" classname="frizza.Profile"/>
  <testcase name="ViewProfile" time="0.21" classname="frizza.Profile"/>
  <testcase name="blankEMail" time="0.218" classname="frizza.Profile"/>
  <testcase name="blankGender" time="0.252" classname="frizza.Profile"/>
  <testcase name="DifferentEmailproperformatLogin" time="0.239" classname="frizza.Login"/>
  <testcase name="NewUserButAlreadyUsedDeviceID" time="0.238" classname="frizza.Login"/>
  <testcase name="NewUserProperSignUPWithImproperReferCode" time="0.322" classname="frizza.Login"/>
  <testcase name="NewUserProperSignUPWithProperReferCode" time="0.485" classname="frizza.Login"/>
  <testcase name="NewUserProperSignUPWithoutReferCode" time="0.498" classname="frizza.Login"/>
  <testcase name="NullEmailformatLogin" time="0.216" classname="frizza.Login"/>
  <testcase name="NumberLessThanNineDigitLogin" time="0.222" classname="frizza.Login"/>
  <testcase name="NumberMoreThanTenDigitLogin" time="0.212" classname="frizza.Login"/>
  <testcase name="NumberNotStartFrom6789Login" time="0.216" classname="frizza.Login"/>
  <testcase name="ProperLogin" time="0.22" classname="frizza.Login"/>
  <testcase name="RootedLogin" time="0.527" classname="frizza.Login"/>
  <testcase name="WrongEmailformatLogin" time="0.285" classname="frizza.Login"/>
  <testcase name="PaytmtranferRequestwithooutCriteria" time="0.209" classname="frizza.Wallet"/>
  <testcase name="UnauthorisedViewWalletHistory" time="0.231" classname="frizza.Wallet"/>
  <testcase name="ViewWalletHistory" time="0.236" classname="frizza.Wallet"/>
</testsuite> <!-- Test -->
