<?xml version="1.0" encoding="UTF-8"?>
<testng-results skipped="0" failed="2" ignored="0" total="38" passed="36">
  <reporter-output>
  </reporter-output>
  <suite name="Suite" duration-ms="21011" started-at="2021-04-09T12:16:23 IST" finished-at="2021-04-09T12:16:44 IST">
    <groups>
    </groups>
    <test name="Test" duration-ms="21011" started-at="2021-04-09T12:16:23 IST" finished-at="2021-04-09T12:16:44 IST">
      <class name="frizza.Profile">
        <test-method status="PASS" signature="setup()[pri:0, instance:frizza.Profile@66480dd7]" name="setup" is-config="true" duration-ms="1" started-at="2021-04-09T12:16:23 IST" finished-at="2021-04-09T12:16:23 IST">
          <reporter-output>
          </reporter-output>
        </test-method> <!-- setup -->
        <test-method status="PASS" signature="AboveLimitFirstLastName()[pri:0, instance:frizza.Profile@66480dd7]" name="AboveLimitFirstLastName" duration-ms="238" started-at="2021-04-09T12:16:35 IST" finished-at="2021-04-09T12:16:35 IST">
          <reporter-output>
          </reporter-output>
        </test-method> <!-- AboveLimitFirstLastName -->
        <test-method status="PASS" signature="AlphanumbericFirstLastName()[pri:0, instance:frizza.Profile@66480dd7]" name="AlphanumbericFirstLastName" duration-ms="406" started-at="2021-04-09T12:16:35 IST" finished-at="2021-04-09T12:16:36 IST">
          <reporter-output>
          </reporter-output>
        </test-method> <!-- AlphanumbericFirstLastName -->
        <test-method status="PASS" signature="BlankDOB()[pri:0, instance:frizza.Profile@66480dd7]" name="BlankDOB" duration-ms="417" started-at="2021-04-09T12:16:36 IST" finished-at="2021-04-09T12:16:36 IST">
          <reporter-output>
          </reporter-output>
        </test-method> <!-- BlankDOB -->
        <test-method status="PASS" signature="BlankFirstLastName()[pri:0, instance:frizza.Profile@66480dd7]" name="BlankFirstLastName" duration-ms="218" started-at="2021-04-09T12:16:36 IST" finished-at="2021-04-09T12:16:36 IST">
          <reporter-output>
          </reporter-output>
        </test-method> <!-- BlankFirstLastName -->
        <test-method status="PASS" signature="FutureDob()[pri:0, instance:frizza.Profile@66480dd7]" name="FutureDob" duration-ms="827" started-at="2021-04-09T12:16:36 IST" finished-at="2021-04-09T12:16:37 IST">
          <reporter-output>
          </reporter-output>
        </test-method> <!-- FutureDob -->
        <test-method status="PASS" signature="ImproperDOBFormat()[pri:0, instance:frizza.Profile@66480dd7]" name="ImproperDOBFormat" duration-ms="322" started-at="2021-04-09T12:16:37 IST" finished-at="2021-04-09T12:16:38 IST">
          <reporter-output>
          </reporter-output>
        </test-method> <!-- ImproperDOBFormat -->
        <test-method status="PASS" signature="ImproperEmailFormat()[pri:0, instance:frizza.Profile@66480dd7]" name="ImproperEmailFormat" duration-ms="251" started-at="2021-04-09T12:16:38 IST" finished-at="2021-04-09T12:16:38 IST">
          <reporter-output>
          </reporter-output>
        </test-method> <!-- ImproperEmailFormat -->
        <test-method status="PASS" signature="ImproperGenderFormat()[pri:0, instance:frizza.Profile@66480dd7]" name="ImproperGenderFormat" duration-ms="378" started-at="2021-04-09T12:16:38 IST" finished-at="2021-04-09T12:16:38 IST">
          <reporter-output>
          </reporter-output>
        </test-method> <!-- ImproperGenderFormat -->
        <test-method status="PASS" signature="MinorDob()[pri:0, instance:frizza.Profile@66480dd7]" name="MinorDob" duration-ms="221" started-at="2021-04-09T12:16:38 IST" finished-at="2021-04-09T12:16:38 IST">
          <reporter-output>
          </reporter-output>
        </test-method> <!-- MinorDob -->
        <test-method status="PASS" signature="ProperdataDobGenderEmailProfileupdate()[pri:0, instance:frizza.Profile@66480dd7]" name="ProperdataDobGenderEmailProfileupdate" duration-ms="250" started-at="2021-04-09T12:16:38 IST" finished-at="2021-04-09T12:16:39 IST">
          <reporter-output>
          </reporter-output>
        </test-method> <!-- ProperdataDobGenderEmailProfileupdate -->
        <test-method status="PASS" signature="ViewProfile()[pri:0, instance:frizza.Profile@66480dd7]" name="ViewProfile" duration-ms="210" started-at="2021-04-09T12:16:39 IST" finished-at="2021-04-09T12:16:39 IST">
          <reporter-output>
          </reporter-output>
        </test-method> <!-- ViewProfile -->
        <test-method status="PASS" signature="blankEMail()[pri:0, instance:frizza.Profile@66480dd7]" name="blankEMail" duration-ms="218" started-at="2021-04-09T12:16:39 IST" finished-at="2021-04-09T12:16:39 IST">
          <reporter-output>
          </reporter-output>
        </test-method> <!-- blankEMail -->
        <test-method status="PASS" signature="blankGender()[pri:0, instance:frizza.Profile@66480dd7]" name="blankGender" duration-ms="252" started-at="2021-04-09T12:16:39 IST" finished-at="2021-04-09T12:16:39 IST">
          <reporter-output>
          </reporter-output>
        </test-method> <!-- blankGender -->
      </class> <!-- frizza.Profile -->
      <class name="frizza.Login">
        <test-method status="PASS" signature="setup()[pri:0, instance:frizza.Login@52a86356]" name="setup" is-config="true" duration-ms="1" started-at="2021-04-09T12:16:23 IST" finished-at="2021-04-09T12:16:23 IST">
          <reporter-output>
          </reporter-output>
        </test-method> <!-- setup -->
        <test-method status="PASS" signature="DifferentEmailproperformatLogin()[pri:0, instance:frizza.Login@52a86356]" name="DifferentEmailproperformatLogin" duration-ms="239" started-at="2021-04-09T12:16:39 IST" finished-at="2021-04-09T12:16:40 IST">
          <reporter-output>
          </reporter-output>
        </test-method> <!-- DifferentEmailproperformatLogin -->
        <test-method status="PASS" signature="NewUserButAlreadyUsedDeviceID()[pri:0, instance:frizza.Login@52a86356]" name="NewUserButAlreadyUsedDeviceID" duration-ms="238" started-at="2021-04-09T12:16:40 IST" finished-at="2021-04-09T12:16:40 IST">
          <reporter-output>
          </reporter-output>
        </test-method> <!-- NewUserButAlreadyUsedDeviceID -->
        <test-method status="PASS" signature="NewUserProperSignUPWithImproperReferCode()[pri:0, instance:frizza.Login@52a86356]" name="NewUserProperSignUPWithImproperReferCode" duration-ms="322" started-at="2021-04-09T12:16:40 IST" finished-at="2021-04-09T12:16:40 IST">
          <reporter-output>
          </reporter-output>
        </test-method> <!-- NewUserProperSignUPWithImproperReferCode -->
        <test-method status="PASS" signature="NewUserProperSignUPWithProperReferCode()[pri:0, instance:frizza.Login@52a86356]" name="NewUserProperSignUPWithProperReferCode" duration-ms="485" started-at="2021-04-09T12:16:40 IST" finished-at="2021-04-09T12:16:41 IST">
          <reporter-output>
          </reporter-output>
        </test-method> <!-- NewUserProperSignUPWithProperReferCode -->
        <test-method status="PASS" signature="NewUserProperSignUPWithoutReferCode()[pri:0, instance:frizza.Login@52a86356]" name="NewUserProperSignUPWithoutReferCode" duration-ms="498" started-at="2021-04-09T12:16:41 IST" finished-at="2021-04-09T12:16:41 IST">
          <reporter-output>
          </reporter-output>
        </test-method> <!-- NewUserProperSignUPWithoutReferCode -->
        <test-method status="PASS" signature="NullEmailformatLogin()[pri:0, instance:frizza.Login@52a86356]" name="NullEmailformatLogin" duration-ms="216" started-at="2021-04-09T12:16:41 IST" finished-at="2021-04-09T12:16:41 IST">
          <reporter-output>
          </reporter-output>
        </test-method> <!-- NullEmailformatLogin -->
        <test-method status="PASS" signature="NumberLessThanNineDigitLogin()[pri:0, instance:frizza.Login@52a86356]" name="NumberLessThanNineDigitLogin" duration-ms="222" started-at="2021-04-09T12:16:41 IST" finished-at="2021-04-09T12:16:42 IST">
          <reporter-output>
          </reporter-output>
        </test-method> <!-- NumberLessThanNineDigitLogin -->
        <test-method status="PASS" signature="NumberMoreThanTenDigitLogin()[pri:0, instance:frizza.Login@52a86356]" name="NumberMoreThanTenDigitLogin" duration-ms="212" started-at="2021-04-09T12:16:42 IST" finished-at="2021-04-09T12:16:42 IST">
          <reporter-output>
          </reporter-output>
        </test-method> <!-- NumberMoreThanTenDigitLogin -->
        <test-method status="PASS" signature="NumberNotStartFrom6789Login()[pri:0, instance:frizza.Login@52a86356]" name="NumberNotStartFrom6789Login" duration-ms="216" started-at="2021-04-09T12:16:42 IST" finished-at="2021-04-09T12:16:42 IST">
          <reporter-output>
          </reporter-output>
        </test-method> <!-- NumberNotStartFrom6789Login -->
        <test-method status="PASS" signature="ProperLogin()[pri:0, instance:frizza.Login@52a86356]" name="ProperLogin" duration-ms="220" started-at="2021-04-09T12:16:42 IST" finished-at="2021-04-09T12:16:42 IST">
          <reporter-output>
          </reporter-output>
        </test-method> <!-- ProperLogin -->
        <test-method status="PASS" signature="RootedLogin()[pri:0, instance:frizza.Login@52a86356]" name="RootedLogin" duration-ms="527" started-at="2021-04-09T12:16:42 IST" finished-at="2021-04-09T12:16:43 IST">
          <reporter-output>
          </reporter-output>
        </test-method> <!-- RootedLogin -->
        <test-method status="PASS" signature="WrongEmailformatLogin()[pri:0, instance:frizza.Login@52a86356]" name="WrongEmailformatLogin" duration-ms="285" started-at="2021-04-09T12:16:43 IST" finished-at="2021-04-09T12:16:43 IST">
          <reporter-output>
          </reporter-output>
        </test-method> <!-- WrongEmailformatLogin -->
      </class> <!-- frizza.Login -->
      <class name="frizza.Wallet">
        <test-method status="PASS" signature="setup()[pri:0, instance:frizza.Wallet@5ce81285]" name="setup" is-config="true" duration-ms="1" started-at="2021-04-09T12:16:23 IST" finished-at="2021-04-09T12:16:23 IST">
          <reporter-output>
          </reporter-output>
        </test-method> <!-- setup -->
        <test-method status="PASS" signature="PaytmtranferRequestwithooutCriteria()[pri:0, instance:frizza.Wallet@5ce81285]" name="PaytmtranferRequestwithooutCriteria" duration-ms="209" started-at="2021-04-09T12:16:43 IST" finished-at="2021-04-09T12:16:43 IST">
          <reporter-output>
          </reporter-output>
        </test-method> <!-- PaytmtranferRequestwithooutCriteria -->
        <test-method status="PASS" signature="UnauthorisedViewWalletHistory()[pri:0, instance:frizza.Wallet@5ce81285]" name="UnauthorisedViewWalletHistory" duration-ms="231" started-at="2021-04-09T12:16:43 IST" finished-at="2021-04-09T12:16:44 IST">
          <reporter-output>
          </reporter-output>
        </test-method> <!-- UnauthorisedViewWalletHistory -->
        <test-method status="PASS" signature="ViewWalletHistory()[pri:0, instance:frizza.Wallet@5ce81285]" name="ViewWalletHistory" duration-ms="236" started-at="2021-04-09T12:16:44 IST" finished-at="2021-04-09T12:16:44 IST">
          <reporter-output>
          </reporter-output>
        </test-method> <!-- ViewWalletHistory -->
      </class> <!-- frizza.Wallet -->
      <class name="frizza.HomePage">
        <test-method status="PASS" signature="setup()[pri:0, instance:frizza.HomePage@4e1d422d]" name="setup" is-config="true" duration-ms="35" started-at="2021-04-09T12:16:23 IST" finished-at="2021-04-09T12:16:23 IST">
          <reporter-output>
          </reporter-output>
        </test-method> <!-- setup -->
        <test-method status="PASS" signature="Constants()[pri:0, instance:frizza.HomePage@4e1d422d]" name="Constants" duration-ms="6749" started-at="2021-04-09T12:16:23 IST" finished-at="2021-04-09T12:16:30 IST">
          <reporter-output>
          </reporter-output>
        </test-method> <!-- Constants -->
        <test-method status="FAIL" signature="CpatOfferstoreDetails()[pri:0, instance:frizza.HomePage@4e1d422d]" name="CpatOfferstoreDetails" duration-ms="2082" started-at="2021-04-09T12:16:30 IST" finished-at="2021-04-09T12:16:32 IST">
          <exception class="java.lang.AssertionError">
            <message>
              <![CDATA[expected [true] but found [false]]]>
            </message>
            <full-stacktrace>
              <![CDATA[java.lang.AssertionError: expected [true] but found [false]
at org.testng.Assert.fail(Assert.java:97)
at org.testng.Assert.failNotEquals(Assert.java:969)
at org.testng.Assert.assertTrue(Assert.java:43)
at org.testng.Assert.assertTrue(Assert.java:53)
at frizza.HomePage.CpatOfferstoreDetails(HomePage.java:301)
at sun.reflect.NativeMethodAccessorImpl.invoke0(Native Method)
at sun.reflect.NativeMethodAccessorImpl.invoke(NativeMethodAccessorImpl.java:62)
at sun.reflect.DelegatingMethodAccessorImpl.invoke(DelegatingMethodAccessorImpl.java:43)
at java.lang.reflect.Method.invoke(Method.java:498)
at org.testng.internal.MethodInvocationHelper.invokeMethod(MethodInvocationHelper.java:134)
at org.testng.internal.TestInvoker.invokeMethod(TestInvoker.java:597)
at org.testng.internal.TestInvoker.invokeTestMethod(TestInvoker.java:173)
at org.testng.internal.MethodRunner.runInSequence(MethodRunner.java:46)
at org.testng.internal.TestInvoker$MethodInvocationAgent.invoke(TestInvoker.java:816)
at org.testng.internal.TestInvoker.invokeTestMethods(TestInvoker.java:146)
at org.testng.internal.TestMethodWorker.invokeTestMethods(TestMethodWorker.java:146)
at org.testng.internal.TestMethodWorker.run(TestMethodWorker.java:128)
at java.util.ArrayList.forEach(ArrayList.java:1259)
at org.testng.TestRunner.privateRun(TestRunner.java:766)
at org.testng.TestRunner.run(TestRunner.java:587)
at org.testng.SuiteRunner.runTest(SuiteRunner.java:384)
at org.testng.SuiteRunner.runSequentially(SuiteRunner.java:378)
at org.testng.SuiteRunner.privateRun(SuiteRunner.java:337)
at org.testng.SuiteRunner.run(SuiteRunner.java:286)
at org.testng.SuiteRunnerWorker.runSuite(SuiteRunnerWorker.java:53)
at org.testng.SuiteRunnerWorker.run(SuiteRunnerWorker.java:96)
at org.testng.TestNG.runSuitesSequentially(TestNG.java:1187)
at org.testng.TestNG.runSuitesLocally(TestNG.java:1109)
at org.testng.TestNG.runSuites(TestNG.java:1039)
at org.testng.TestNG.run(TestNG.java:1007)
at org.apache.maven.surefire.testng.TestNGExecutor.run(TestNGExecutor.java:283)
at org.apache.maven.surefire.testng.TestNGXmlTestSuite.execute(TestNGXmlTestSuite.java:75)
at org.apache.maven.surefire.testng.TestNGProvider.invoke(TestNGProvider.java:120)
at org.apache.maven.surefire.booter.ForkedBooter.invokeProviderInSameClassLoader(ForkedBooter.java:383)
at org.apache.maven.surefire.booter.ForkedBooter.runSuitesInProcess(ForkedBooter.java:344)
at org.apache.maven.surefire.booter.ForkedBooter.execute(ForkedBooter.java:125)
at org.apache.maven.surefire.booter.ForkedBooter.main(ForkedBooter.java:417)
]]>
            </full-stacktrace>
          </exception> <!-- java.lang.AssertionError -->
          <reporter-output>
          </reporter-output>
        </test-method> <!-- CpatOfferstoreDetails -->
        <test-method status="PASS" signature="CpatStoreOffers()[pri:0, instance:frizza.HomePage@4e1d422d]" name="CpatStoreOffers" duration-ms="1669" started-at="2021-04-09T12:16:32 IST" finished-at="2021-04-09T12:16:33 IST">
          <reporter-output>
          </reporter-output>
        </test-method> <!-- CpatStoreOffers -->
        <test-method status="PASS" signature="InstalledApp()[pri:0, instance:frizza.HomePage@4e1d422d]" name="InstalledApp" duration-ms="325" started-at="2021-04-09T12:16:33 IST" finished-at="2021-04-09T12:16:34 IST">
          <reporter-output>
          </reporter-output>
        </test-method> <!-- InstalledApp -->
        <test-method status="PASS" signature="InstalledAppWithoutproperheader()[pri:0, instance:frizza.HomePage@4e1d422d]" name="InstalledAppWithoutproperheader" duration-ms="252" started-at="2021-04-09T12:16:34 IST" finished-at="2021-04-09T12:16:34 IST">
          <reporter-output>
          </reporter-output>
        </test-method> <!-- InstalledAppWithoutproperheader -->
        <test-method status="PASS" signature="MoreinfoPageOpen()[pri:0, instance:frizza.HomePage@4e1d422d]" name="MoreinfoPageOpen" duration-ms="221" started-at="2021-04-09T12:16:34 IST" finished-at="2021-04-09T12:16:34 IST">
          <reporter-output>
          </reporter-output>
        </test-method> <!-- MoreinfoPageOpen -->
        <test-method status="FAIL" signature="NonCpatOffersDetails()[pri:0, instance:frizza.HomePage@4e1d422d]" name="NonCpatOffersDetails" duration-ms="212" started-at="2021-04-09T12:16:34 IST" finished-at="2021-04-09T12:16:34 IST">
          <exception class="java.lang.AssertionError">
            <message>
              <![CDATA[expected [true] but found [false]]]>
            </message>
            <full-stacktrace>
              <![CDATA[java.lang.AssertionError: expected [true] but found [false]
at org.testng.Assert.fail(Assert.java:97)
at org.testng.Assert.failNotEquals(Assert.java:969)
at org.testng.Assert.assertTrue(Assert.java:43)
at org.testng.Assert.assertTrue(Assert.java:53)
at frizza.HomePage.NonCpatOffersDetails(HomePage.java:254)
at sun.reflect.NativeMethodAccessorImpl.invoke0(Native Method)
at sun.reflect.NativeMethodAccessorImpl.invoke(NativeMethodAccessorImpl.java:62)
at sun.reflect.DelegatingMethodAccessorImpl.invoke(DelegatingMethodAccessorImpl.java:43)
at java.lang.reflect.Method.invoke(Method.java:498)
at org.testng.internal.MethodInvocationHelper.invokeMethod(MethodInvocationHelper.java:134)
at org.testng.internal.TestInvoker.invokeMethod(TestInvoker.java:597)
at org.testng.internal.TestInvoker.invokeTestMethod(TestInvoker.java:173)
at org.testng.internal.MethodRunner.runInSequence(MethodRunner.java:46)
at org.testng.internal.TestInvoker$MethodInvocationAgent.invoke(TestInvoker.java:816)
at org.testng.internal.TestInvoker.invokeTestMethods(TestInvoker.java:146)
at org.testng.internal.TestMethodWorker.invokeTestMethods(TestMethodWorker.java:146)
at org.testng.internal.TestMethodWorker.run(TestMethodWorker.java:128)
at java.util.ArrayList.forEach(ArrayList.java:1259)
at org.testng.TestRunner.privateRun(TestRunner.java:766)
at org.testng.TestRunner.run(TestRunner.java:587)
at org.testng.SuiteRunner.runTest(SuiteRunner.java:384)
at org.testng.SuiteRunner.runSequentially(SuiteRunner.java:378)
at org.testng.SuiteRunner.privateRun(SuiteRunner.java:337)
at org.testng.SuiteRunner.run(SuiteRunner.java:286)
at org.testng.SuiteRunnerWorker.runSuite(SuiteRunnerWorker.java:53)
at org.testng.SuiteRunnerWorker.run(SuiteRunnerWorker.java:96)
at org.testng.TestNG.runSuitesSequentially(TestNG.java:1187)
at org.testng.TestNG.runSuitesLocally(TestNG.java:1109)
at org.testng.TestNG.runSuites(TestNG.java:1039)
at org.testng.TestNG.run(TestNG.java:1007)
at org.apache.maven.surefire.testng.TestNGExecutor.run(TestNGExecutor.java:283)
at org.apache.maven.surefire.testng.TestNGXmlTestSuite.execute(TestNGXmlTestSuite.java:75)
at org.apache.maven.surefire.testng.TestNGProvider.invoke(TestNGProvider.java:120)
at org.apache.maven.surefire.booter.ForkedBooter.invokeProviderInSameClassLoader(ForkedBooter.java:383)
at org.apache.maven.surefire.booter.ForkedBooter.runSuitesInProcess(ForkedBooter.java:344)
at org.apache.maven.surefire.booter.ForkedBooter.execute(ForkedBooter.java:125)
at org.apache.maven.surefire.booter.ForkedBooter.main(ForkedBooter.java:417)
]]>
            </full-stacktrace>
          </exception> <!-- java.lang.AssertionError -->
          <reporter-output>
          </reporter-output>
        </test-method> <!-- NonCpatOffersDetails -->
        <test-method status="PASS" signature="NonCpatStoreOffers()[pri:0, instance:frizza.HomePage@4e1d422d]" name="NonCpatStoreOffers" duration-ms="248" started-at="2021-04-09T12:16:34 IST" finished-at="2021-04-09T12:16:35 IST">
          <reporter-output>
          </reporter-output>
        </test-method> <!-- NonCpatStoreOffers -->
        <test-method status="PASS" signature="ReferPageOpen()[pri:0, instance:frizza.HomePage@4e1d422d]" name="ReferPageOpen" duration-ms="218" started-at="2021-04-09T12:16:35 IST" finished-at="2021-04-09T12:16:35 IST">
          <reporter-output>
          </reporter-output>
        </test-method> <!-- ReferPageOpen -->
        <test-method status="PASS" signature="SendFeedback()[pri:0, instance:frizza.HomePage@4e1d422d]" name="SendFeedback" duration-ms="236" started-at="2021-04-09T12:16:35 IST" finished-at="2021-04-09T12:16:35 IST">
          <reporter-output>
          </reporter-output>
        </test-method> <!-- SendFeedback -->
      </class> <!-- frizza.HomePage -->
    </test> <!-- Test -->
  </suite> <!-- Suite -->
</testng-results>
